<?xml version="1.0" encoding="UTF-8"?>
<!-- Generated by org.testng.reporters.JUnitXMLReporter -->
<testsuite ignored="0" hostname="Asplap2656" failures="0" tests="17" name="Test" time="0.484" errors="0" timestamp="2024-01-12T11:11:11 IST">
  <testcase classname="Stream.StreamConcat" name="streamConcat" time="0.014"/>
  <testcase classname="Stream.Map" name="mapStream" time="0.003"/>
  <testcase classname="Stream.JavaStream" name="stream" time="0.113"/>
  <testcase classname="Stream.Collector" name="collectList" time="0.007"/>
  <testcase classname="Stream.Limit" name="limit" time="0.007"/>
  <testcase classname="Stream.Filter" name="filter" time="0.071"/>
  <testcase classname="Stream.StreamDistinct" name="streamDistinct" time="0.002"/>
  <testcase classname="List.Array" name="arrayList" time="0.003"/>
  <testcase classname="List.StackList" name="stackList" time="0.003"/>
  <testcase classname="List.Linked" name="linkedList" time="0.003"/>
  <testcase classname="Set.Linked_HashSet" name="linkedHashSet" time="0.006"/>
  <testcase classname="List.VectorList" name="vectorList" time="0.007"/>
  <testcase classname="Deque.Array_Deque" name="arrayDeque" time="0.003"/>
  <testcase classname="Queue.Priority_Queue" name="priorityQueue" time="0.003"/>
  <testcase classname="Set.Hash_Set" name="hashSet" time="0.002"/>
  <testcase classname="SortedSet.Tree_Set" name="treeSet" time="0.004"/>
  <testcase classname="InterfaceAbstractRunFile.ShoppingSite" name="getProduct" time="0.009"/>
</testsuite> <!-- Test -->
